----------------8<-------------[ START TEST Luta ***************
        ðŸ’» TEST
./a.out 9999
 Then there is 3 connexion to the server
        ðŸ”Ž YOUR OUTPUT:
Si vous ne voyez QUE ce message, c'est mauvais signe.
server: client 2 just arrived
client 2: Bienvenue sur le test de votre miniserv
server: client 2 just left
server: client 3 just arrived
client 3: Ceci est un message
server: client 3 just left
server: client 4 just arrived
server: client 4 just left
server: client 5 just arrived
server: client 5 just left
server: client 6 just arrived
client 6: Voici un texte sans retour a la ligneThis is a text without backline at the endEt voici un texte avec plusieurs
client 6: retours
client 6: a
client 6: la
client 6: ligne
server: client 6 just left
server: client 7 just arrived
server: client 7 just left
        ðŸ— EXPECTED OUTPUT:
Si vous ne voyez QUE ce message, c'est mauvais signe.
server: client 2 just arrived
client 2: Bienvenue sur le test de votre miniserv
server: client 2 just left
server: client 3 just arrived
client 3: Ceci est un message
server: client 3 just left
server: client 4 just arrived
client 4: Voici un texte sans retour a la ligneserver: client 4 just left
server: client 5 just arrived
client 5: This is a text without backline at the endserver: client 5 just left
server: client 6 just arrived
client 6: Et voici un texte avec plusieurs
client 6: retours
client 6: a
client 6: la
client 6: ligne
server: client 6 just left
server: client 7 just arrived
client 7: CeciestuntestdeCtrl+Ddanstonprogrammeici:Situnepassespascetest,tudevraisverifierlefonctionnementductrl+d.voiciunnouveautestserver: client 7 just left
----------------8<------------- END TEST ]
